[2018-11-06 17:10:28.306] [jointLog] [info] Fragment incompatibility prior below threshold.  Incompatible fragments will be ignored.
[2018-11-06 17:10:28.306] [jointLog] [info] parsing read library format
[2018-11-06 17:10:28.306] [jointLog] [info] There is 1 library.
[2018-11-06 17:10:28.353] [jointLog] [info] Loading Quasi index
[2018-11-06 17:10:28.374] [jointLog] [info] Loading 32-bit quasi index
[2018-11-06 17:10:58.556] [jointLog] [info] done
[2018-11-06 17:10:58.556] [jointLog] [info] Index contained 173,531 targets
[2018-11-06 17:11:00.206] [jointLog] [info] Automatically detected most likely library type as IU
[2018-11-06 17:19:24.037] [jointLog] [info] Thread saw mini-batch with a maximum of 0.60% zero probability fragments
[2018-11-06 17:19:24.039] [jointLog] [info] Thread saw mini-batch with a maximum of 0.60% zero probability fragments
[2018-11-06 17:19:24.043] [jointLog] [info] Thread saw mini-batch with a maximum of 0.64% zero probability fragments
[2018-11-06 17:19:24.258] [jointLog] [info] Computed 413,298 rich equivalence classes for further processing
[2018-11-06 17:19:24.258] [jointLog] [info] Counted 61,908,869 total reads in the equivalence classes 
[2018-11-06 17:19:24.262] [jointLog] [warning] 0.0316781% of fragments were shorter than the k used to build the index (31).
If this fraction is too large, consider re-building the index with a smaller k.
The minimum read size found was 1.


[2018-11-06 17:19:24.262] [jointLog] [info] Mapping rate = 85.0016%

[2018-11-06 17:19:24.262] [jointLog] [info] finished quantifyLibrary()
[2018-11-06 17:19:24.455] [jointLog] [info] Starting optimizer
[2018-11-06 17:19:24.575] [jointLog] [info] Marked 0 weighted equivalence classes as degenerate
[2018-11-06 17:19:24.598] [jointLog] [info] iteration = 0 | max rel diff. = 41.1911
[2018-11-06 17:19:24.259] [fileLog] [info] 
At end of round 0
==================
Observed 72832561 total fragments (72832561 in most recent round)

[2018-11-06 17:19:24.824] [jointLog] [info] iteration 11, adjusting effective lengths to account for biases
[2018-11-06 17:20:47.335] [jointLog] [info] Computed expected counts (for bias correction)
[2018-11-06 17:20:47.335] [jointLog] [info] processed bias for 0.0% of the transcripts
[2018-11-06 17:20:57.240] [jointLog] [info] processed bias for 10.0% of the transcripts
[2018-11-06 17:21:07.442] [jointLog] [info] processed bias for 20.0% of the transcripts
[2018-11-06 17:21:17.366] [jointLog] [info] processed bias for 30.0% of the transcripts
[2018-11-06 17:21:27.502] [jointLog] [info] processed bias for 40.0% of the transcripts
[2018-11-06 17:21:37.457] [jointLog] [info] processed bias for 50.0% of the transcripts
[2018-11-06 17:21:45.715] [jointLog] [info] processed bias for 60.0% of the transcripts
[2018-11-06 17:21:49.372] [jointLog] [info] processed bias for 100.0% of the transcripts
[2018-11-06 17:21:51.417] [jointLog] [info] iteration = 100 | max rel diff. = 11.3585
[2018-11-06 17:21:53.677] [jointLog] [info] iteration = 200 | max rel diff. = 9.91017
[2018-11-06 17:21:55.936] [jointLog] [info] iteration = 300 | max rel diff. = 2.73014
[2018-11-06 17:21:58.224] [jointLog] [info] iteration = 400 | max rel diff. = 1.78665
[2018-11-06 17:22:00.484] [jointLog] [info] iteration = 500 | max rel diff. = 9.83148
[2018-11-06 17:22:02.747] [jointLog] [info] iteration = 600 | max rel diff. = 12.3798
[2018-11-06 17:22:05.001] [jointLog] [info] iteration = 700 | max rel diff. = 1.20212
[2018-11-06 17:22:07.255] [jointLog] [info] iteration = 800 | max rel diff. = 1.07904
[2018-11-06 17:22:09.509] [jointLog] [info] iteration = 900 | max rel diff. = 6.19791
[2018-11-06 17:22:11.763] [jointLog] [info] iteration = 1,000 | max rel diff. = 3.38686
[2018-11-06 17:22:14.017] [jointLog] [info] iteration = 1,100 | max rel diff. = 0.0827706
[2018-11-06 17:22:16.285] [jointLog] [info] iteration = 1,200 | max rel diff. = 7.87514
[2018-11-06 17:22:18.543] [jointLog] [info] iteration = 1,300 | max rel diff. = 0.395741
[2018-11-06 17:22:20.802] [jointLog] [info] iteration = 1,400 | max rel diff. = 0.109762
[2018-11-06 17:22:23.060] [jointLog] [info] iteration = 1,500 | max rel diff. = 0.30345
[2018-11-06 17:22:25.318] [jointLog] [info] iteration = 1,600 | max rel diff. = 0.0378568
[2018-11-06 17:22:27.576] [jointLog] [info] iteration = 1,700 | max rel diff. = 0.544075
[2018-11-06 17:22:29.830] [jointLog] [info] iteration = 1,800 | max rel diff. = 0.0491471
[2018-11-06 17:22:32.085] [jointLog] [info] iteration = 1,900 | max rel diff. = 1.15197
[2018-11-06 17:22:34.340] [jointLog] [info] iteration = 2,000 | max rel diff. = 0.0249776
[2018-11-06 17:22:36.594] [jointLog] [info] iteration = 2,100 | max rel diff. = 0.0550157
[2018-11-06 17:22:38.848] [jointLog] [info] iteration = 2,200 | max rel diff. = 0.0176276
[2018-11-06 17:22:41.103] [jointLog] [info] iteration = 2,300 | max rel diff. = 0.0525899
[2018-11-06 17:22:43.360] [jointLog] [info] iteration = 2,400 | max rel diff. = 0.0346937
[2018-11-06 17:22:45.099] [jointLog] [info] iteration = 2,478 | max rel diff. = 0.00981517
[2018-11-06 17:22:45.104] [jointLog] [info] Finished optimizer
[2018-11-06 17:22:45.104] [jointLog] [info] writing output 

