[2018-11-08 05:22:14.849] [jointLog] [info] Fragment incompatibility prior below threshold.  Incompatible fragments will be ignored.
[2018-11-08 05:22:14.849] [jointLog] [info] parsing read library format
[2018-11-08 05:22:14.849] [jointLog] [info] There is 1 library.
[2018-11-08 05:22:14.895] [jointLog] [info] Loading Quasi index
[2018-11-08 05:22:14.912] [jointLog] [info] Loading 32-bit quasi index
[2018-11-08 05:22:44.093] [jointLog] [info] done
[2018-11-08 05:22:44.093] [jointLog] [info] Index contained 173,531 targets
[2018-11-08 05:22:45.718] [jointLog] [info] Automatically detected most likely library type as IU
[2018-11-08 05:25:49.104] [fileLog] [info] 
At end of round 0
==================
Observed 27484728 total fragments (27484728 in most recent round)

[2018-11-08 05:25:48.832] [jointLog] [info] Thread saw mini-batch with a maximum of 0.94% zero probability fragments
[2018-11-08 05:25:48.891] [jointLog] [info] Thread saw mini-batch with a maximum of 0.92% zero probability fragments
[2018-11-08 05:25:48.915] [jointLog] [info] Thread saw mini-batch with a maximum of 0.88% zero probability fragments
[2018-11-08 05:25:49.104] [jointLog] [info] Computed 320,534 rich equivalence classes for further processing
[2018-11-08 05:25:49.104] [jointLog] [info] Counted 23,091,769 total reads in the equivalence classes 
[2018-11-08 05:25:49.106] [jointLog] [warning] 0.0654436% of fragments were shorter than the k used to build the index (31).
If this fraction is too large, consider re-building the index with a smaller k.
The minimum read size found was 1.


[2018-11-08 05:25:49.106] [jointLog] [info] Mapping rate = 84.0167%

[2018-11-08 05:25:49.106] [jointLog] [info] finished quantifyLibrary()
[2018-11-08 05:25:49.132] [jointLog] [info] Starting optimizer
[2018-11-08 05:25:49.349] [jointLog] [info] Marked 0 weighted equivalence classes as degenerate
[2018-11-08 05:25:49.369] [jointLog] [info] iteration = 0 | max rel diff. = 6860.24
[2018-11-08 05:25:49.557] [jointLog] [info] iteration 11, adjusting effective lengths to account for biases
[2018-11-08 05:27:03.408] [jointLog] [info] Computed expected counts (for bias correction)
[2018-11-08 05:27:03.409] [jointLog] [info] processed bias for 0.0% of the transcripts
[2018-11-08 05:27:12.293] [jointLog] [info] processed bias for 10.0% of the transcripts
[2018-11-08 05:27:21.420] [jointLog] [info] processed bias for 20.0% of the transcripts
[2018-11-08 05:27:30.361] [jointLog] [info] processed bias for 30.0% of the transcripts
[2018-11-08 05:27:39.447] [jointLog] [info] processed bias for 40.0% of the transcripts
[2018-11-08 05:27:48.354] [jointLog] [info] processed bias for 50.0% of the transcripts
[2018-11-08 05:27:56.282] [jointLog] [info] processed bias for 60.0% of the transcripts
[2018-11-08 05:27:59.383] [jointLog] [info] processed bias for 100.0% of the transcripts
[2018-11-08 05:28:01.065] [jointLog] [info] iteration = 100 | max rel diff. = 10.0075
[2018-11-08 05:28:02.933] [jointLog] [info] iteration = 200 | max rel diff. = 11.4725
[2018-11-08 05:28:04.791] [jointLog] [info] iteration = 300 | max rel diff. = 2.6742
[2018-11-08 05:28:06.775] [jointLog] [info] iteration = 400 | max rel diff. = 4.96253
[2018-11-08 05:28:08.623] [jointLog] [info] iteration = 500 | max rel diff. = 3.76687
[2018-11-08 05:28:10.479] [jointLog] [info] iteration = 600 | max rel diff. = 1.63947
[2018-11-08 05:28:12.330] [jointLog] [info] iteration = 700 | max rel diff. = 0.71115
[2018-11-08 05:28:14.187] [jointLog] [info] iteration = 800 | max rel diff. = 0.30945
[2018-11-08 05:28:16.038] [jointLog] [info] iteration = 900 | max rel diff. = 1.03835
[2018-11-08 05:28:17.897] [jointLog] [info] iteration = 1,000 | max rel diff. = 0.802418
[2018-11-08 05:28:19.748] [jointLog] [info] iteration = 1,100 | max rel diff. = 4.69682
[2018-11-08 05:28:21.604] [jointLog] [info] iteration = 1,200 | max rel diff. = 0.406451
[2018-11-08 05:28:23.455] [jointLog] [info] iteration = 1,300 | max rel diff. = 0.13304
[2018-11-08 05:28:25.309] [jointLog] [info] iteration = 1,400 | max rel diff. = 0.176646
[2018-11-08 05:28:27.160] [jointLog] [info] iteration = 1,500 | max rel diff. = 0.0184037
[2018-11-08 05:28:29.042] [jointLog] [info] iteration = 1,600 | max rel diff. = 0.115272
[2018-11-08 05:28:30.891] [jointLog] [info] iteration = 1,700 | max rel diff. = 0.0672116
[2018-11-08 05:28:32.743] [jointLog] [info] iteration = 1,800 | max rel diff. = 0.0349328
[2018-11-08 05:28:34.593] [jointLog] [info] iteration = 1,900 | max rel diff. = 0.161467
[2018-11-08 05:28:36.452] [jointLog] [info] iteration = 2,000 | max rel diff. = 0.0163298
[2018-11-08 05:28:38.307] [jointLog] [info] iteration = 2,100 | max rel diff. = 0.0363038
[2018-11-08 05:28:39.533] [jointLog] [info] iteration = 2,167 | max rel diff. = 0.0030555
[2018-11-08 05:28:39.538] [jointLog] [info] Finished optimizer
[2018-11-08 05:28:39.538] [jointLog] [info] writing output 

